This is pdfTeX, Version 3.141592653-2.6-1.40.24 (MiKTeX 22.3) (preloaded format=pdflatex 2022.8.4)  8 SEP 2022 12:43
entering extended mode
 restricted \write18 enabled.
 file:line:error style messages enabled.
 %&-line parsing enabled.
**"./chemistry materials.tex"
(chemistry materials.tex
LaTeX2e <2021-11-15> patch level 1
L3 programming layer <2022-05-04>
(C:\Users\alana\AppData\Local\Programs\MiKTeX\tex/latex/base\article.cls
Document Class: article 2021/10/04 v1.4n Standard LaTeX document class
(C:\Users\alana\AppData\Local\Programs\MiKTeX\tex/latex/base\size10.clo
File: size10.clo 2021/10/04 v1.4n Standard LaTeX file (size option)
)
\c@part=\count185
\c@section=\count186
\c@subsection=\count187
\c@subsubsection=\count188
\c@paragraph=\count189
\c@subparagraph=\count190
\c@figure=\count191
\c@table=\count192
\abovecaptionskip=\skip47
\belowcaptionskip=\skip48
\bibindent=\dimen138
)
(C:\Users\alana\AppData\Local\Programs\MiKTeX\tex/latex/base\fontenc.sty
Package: fontenc 2021/04/29 v2.0v Standard LaTeX package
)
(C:\Users\alana\AppData\Local\Programs\MiKTeX\tex/latex/base\inputenc.sty
Package: inputenc 2021/02/14 v1.3d Input encoding file
\inpenc@prehook=\toks16
\inpenc@posthook=\toks17
)
(C:\Users\alana\AppData\Local\Programs\MiKTeX\tex/latex/lm\lmodern.sty
Package: lmodern 2015/05/01 v1.6.1 Latin Modern Fonts
LaTeX Font Info:    Overwriting symbol font `operators' in version `normal'
(Font)                  OT1/cmr/m/n --> OT1/lmr/m/n on input line 22.
LaTeX Font Info:    Overwriting symbol font `letters' in version `normal'
(Font)                  OML/cmm/m/it --> OML/lmm/m/it on input line 23.
LaTeX Font Info:    Overwriting symbol font `symbols' in version `normal'
(Font)                  OMS/cmsy/m/n --> OMS/lmsy/m/n on input line 24.
LaTeX Font Info:    Overwriting symbol font `largesymbols' in version `normal'
(Font)                  OMX/cmex/m/n --> OMX/lmex/m/n on input line 25.
LaTeX Font Info:    Overwriting symbol font `operators' in version `bold'
(Font)                  OT1/cmr/bx/n --> OT1/lmr/bx/n on input line 26.
LaTeX Font Info:    Overwriting symbol font `letters' in version `bold'
(Font)                  OML/cmm/b/it --> OML/lmm/b/it on input line 27.
LaTeX Font Info:    Overwriting symbol font `symbols' in version `bold'
(Font)                  OMS/cmsy/b/n --> OMS/lmsy/b/n on input line 28.
LaTeX Font Info:    Overwriting symbol font `largesymbols' in version `bold'
(Font)                  OMX/cmex/m/n --> OMX/lmex/m/n on input line 29.
LaTeX Font Info:    Overwriting math alphabet `\mathbf' in version `normal'
(Font)                  OT1/cmr/bx/n --> OT1/lmr/bx/n on input line 31.
LaTeX Font Info:    Overwriting math alphabet `\mathsf' in version `normal'
(Font)                  OT1/cmss/m/n --> OT1/lmss/m/n on input line 32.
LaTeX Font Info:    Overwriting math alphabet `\mathit' in version `normal'
(Font)                  OT1/cmr/m/it --> OT1/lmr/m/it on input line 33.
LaTeX Font Info:    Overwriting math alphabet `\mathtt' in version `normal'
(Font)                  OT1/cmtt/m/n --> OT1/lmtt/m/n on input line 34.
LaTeX Font Info:    Overwriting math alphabet `\mathbf' in version `bold'
(Font)                  OT1/cmr/bx/n --> OT1/lmr/bx/n on input line 35.
LaTeX Font Info:    Overwriting math alphabet `\mathsf' in version `bold'
(Font)                  OT1/cmss/bx/n --> OT1/lmss/bx/n on input line 36.
LaTeX Font Info:    Overwriting math alphabet `\mathit' in version `bold'
(Font)                  OT1/cmr/bx/it --> OT1/lmr/bx/it on input line 37.
LaTeX Font Info:    Overwriting math alphabet `\mathtt' in version `bold'
(Font)                  OT1/cmtt/m/n --> OT1/lmtt/m/n on input line 38.
)
(C:\Users\alana\AppData\Local\Programs\MiKTeX\tex/latex/base\textcomp.sty
Package: textcomp 2020/02/02 v2.0n Standard LaTeX package
)
(C:\Users\alana\AppData\Local\Programs\MiKTeX\tex/latex/lastpage\lastpage.sty
Package: lastpage 2021/09/03 v1.2n Refers to last page's name (HMM; JPG)
)
(C:\Users\alana\AppData\Local\Programs\MiKTeX\tex/latex/tools\longtable.sty
Package: longtable 2021-09-01 v4.17 Multi-page Table package (DPC)
\LTleft=\skip49
\LTright=\skip50
\LTpre=\skip51
\LTpost=\skip52
\LTchunksize=\count193
\LTcapwidth=\dimen139
\LT@head=\box50
\LT@firsthead=\box51
\LT@foot=\box52
\LT@lastfoot=\box53
\LT@gbox=\box54
\LT@cols=\count194
\LT@rows=\count195
\c@LT@tables=\count196
\c@LT@chunks=\count197
\LT@p@ftn=\toks18
)
(C:\Users\alana\AppData\Local\Programs\MiKTeX\tex/latex/tabu\tabu.sty
Package: tabu 2019/01/11 v2.9 - flexible LaTeX tabulars (FC+tabu-fixed)

(C:\Users\alana\AppData\Local\Programs\MiKTeX\tex/latex/tools\array.sty
Package: array 2021/10/04 v2.5f Tabular extension package (FMi)
\col@sep=\dimen140
\ar@mcellbox=\box55
\extrarowheight=\dimen141
\NC@list=\toks19
\extratabsurround=\skip53
\backup@length=\skip54
\ar@cellbox=\box56
)
(C:\Users\alana\AppData\Local\Programs\MiKTeX\tex/latex/varwidth\varwidth.sty
Package: varwidth 2009/03/30 ver 0.92;  Variable-width minipages
\@vwid@box=\box57
\sift@deathcycles=\count198
\@vwid@loff=\dimen142
\@vwid@roff=\dimen143
)
\c@taburow=\count199
\tabu@nbcols=\count266
\tabu@cnt=\count267
\tabu@Xcol=\count268
\tabu@alloc=\count269
\tabu@nested=\count270
\tabu@target=\dimen144
\tabu@spreadtarget=\dimen145
\tabu@naturalX=\dimen146
\tabucolX=\dimen147
\tabu@Xsum=\dimen148
\extrarowdepth=\dimen149
\abovetabulinesep=\dimen150
\belowtabulinesep=\dimen151
\tabustrutrule=\dimen152
\tabu@thebody=\toks20
\tabu@footnotes=\toks21
\tabu@box=\box58
\tabu@arstrutbox=\box59
\tabu@hleads=\box60
\tabu@vleads=\box61
\tabu@cellskip=\skip55
) (C:\Users\alana\AppData\Local\Programs\MiKTeX\tex/latex/xcolor\xcolor.sty
Package: xcolor 2021/10/31 v2.13 LaTeX color extensions (UK)

(C:\Users\alana\AppData\Local\Programs\MiKTeX\tex/latex/graphics-cfg\color.cfg
File: color.cfg 2016/01/02 v1.6 sample color configuration
)
Package xcolor Info: Driver file: pdftex.def on input line 227.

(C:\Users\alana\AppData\Local\Programs\MiKTeX\tex/latex/graphics-def\pdftex.def
File: pdftex.def 2020/10/05 v1.2a Graphics/color driver for pdftex
) (C:\Users\alana\AppData\Local\Programs\MiKTeX\tex/latex/colortbl\colortbl.sty
Package: colortbl 2022/06/20 v1.0f Color table columns (DPC)
\everycr=\toks22
\minrowclearance=\skip56
\rownum=\count271
)
Package xcolor Info: Model `cmy' substituted by `cmy0' on input line 1352.
Package xcolor Info: Model `hsb' substituted by `rgb' on input line 1356.
Package xcolor Info: Model `RGB' extended on input line 1368.
Package xcolor Info: Model `HTML' substituted by `rgb' on input line 1370.
Package xcolor Info: Model `Hsb' substituted by `hsb' on input line 1371.
Package xcolor Info: Model `tHsb' substituted by `hsb' on input line 1372.
Package xcolor Info: Model `HSB' substituted by `hsb' on input line 1373.
Package xcolor Info: Model `Gray' substituted by `gray' on input line 1374.
Package xcolor Info: Model `wave' substituted by `hsb' on input line 1375.
)
(C:\Users\alana\AppData\Local\Programs\MiKTeX\tex/latex/booktabs\booktabs.sty
Package: booktabs 2020/01/12 v1.61803398 Publication quality tables
\heavyrulewidth=\dimen153
\lightrulewidth=\dimen154
\cmidrulewidth=\dimen155
\belowrulesep=\dimen156
\belowbottomsep=\dimen157
\aboverulesep=\dimen158
\abovetopsep=\dimen159
\cmidrulesep=\dimen160
\cmidrulekern=\dimen161
\defaultaddspace=\dimen162
\@cmidla=\count272
\@cmidlb=\count273
\@aboverulesep=\dimen163
\@belowrulesep=\dimen164
\@thisruleclass=\count274
\@lastruleclass=\count275
\@thisrulewidth=\dimen165
)
(C:\Users\alana\AppData\Local\Programs\MiKTeX\tex/latex/biblatex\biblatex.sty
Package: biblatex 2022/02/02 v3.17 programmable bibliographies (PK/MW)

(C:\Users\alana\AppData\Local\Programs\MiKTeX\tex/generic/pdftexcmds\pdftexcmds
.sty
Package: pdftexcmds 2020-06-27 v0.33 Utility functions of pdfTeX for LuaTeX (HO
)

(C:\Users\alana\AppData\Local\Programs\MiKTeX\tex/generic/infwarerr\infwarerr.s
ty
Package: infwarerr 2019/12/03 v1.5 Providing info/warning/error messages (HO)
) (C:\Users\alana\AppData\Local\Programs\MiKTeX\tex/generic/iftex\iftex.sty
Package: iftex 2022/02/03 v1.0f TeX engine tests
)
(C:\Users\alana\AppData\Local\Programs\MiKTeX\tex/generic/ltxcmds\ltxcmds.sty
Package: ltxcmds 2020-05-10 v1.25 LaTeX kernel commands for general use (HO)
)
Package pdftexcmds Info: \pdf@primitive is available.
Package pdftexcmds Info: \pdf@ifprimitive is available.
Package pdftexcmds Info: \pdfdraftmode found.
) (C:\Users\alana\AppData\Local\Programs\MiKTeX\tex/latex/etoolbox\etoolbox.sty
Package: etoolbox 2020/10/05 v2.5k e-TeX tools for LaTeX (JAW)
\etb@tempcnta=\count276
) (C:\Users\alana\AppData\Local\Programs\MiKTeX\tex/latex/graphics\keyval.sty
Package: keyval 2014/10/28 v1.15 key=value parser (DPC)
\KV@toks@=\toks23
)
(C:\Users\alana\AppData\Local\Programs\MiKTeX\tex/latex/kvoptions\kvoptions.sty
Package: kvoptions 2020-10-07 v3.14 Key value format for package options (HO)

(C:\Users\alana\AppData\Local\Programs\MiKTeX\tex/generic/kvsetkeys\kvsetkeys.s
ty
Package: kvsetkeys 2019/12/15 v1.18 Key value parser (HO)
)) (C:\Users\alana\AppData\Local\Programs\MiKTeX\tex/latex/logreq\logreq.sty
Package: logreq 2010/08/04 v1.0 xml request logger
\lrq@indent=\count277

(C:\Users\alana\AppData\Local\Programs\MiKTeX\tex/latex/logreq\logreq.def
File: logreq.def 2010/08/04 v1.0 logreq spec v1.0
))
(C:\Users\alana\AppData\Local\Programs\MiKTeX\tex/latex/base\ifthen.sty
Package: ifthen 2020/11/24 v1.1c Standard LaTeX ifthen package (DPC)
)
(C:\Users\alana\AppData\Local\Programs\MiKTeX\tex/latex/url\url.sty
\Urlmuskip=\muskip16
Package: url 2013/09/16  ver 3.4  Verb mode for urls, etc.
)
\c@tabx@nest=\count278
\c@listtotal=\count279
\c@listcount=\count280
\c@liststart=\count281
\c@liststop=\count282
\c@citecount=\count283
\c@citetotal=\count284
\c@multicitecount=\count285
\c@multicitetotal=\count286
\c@instcount=\count287
\c@maxnames=\count288
\c@minnames=\count289
\c@maxitems=\count290
\c@minitems=\count291
\c@citecounter=\count292
\c@maxcitecounter=\count293
\c@savedcitecounter=\count294
\c@uniquelist=\count295
\c@uniquename=\count296
\c@refsection=\count297
\c@refsegment=\count298
\c@maxextratitle=\count299
\c@maxextratitleyear=\count300
\c@maxextraname=\count301
\c@maxextradate=\count302
\c@maxextraalpha=\count303
\c@abbrvpenalty=\count304
\c@highnamepenalty=\count305
\c@lownamepenalty=\count306
\c@maxparens=\count307
\c@parenlevel=\count308
\blx@tempcnta=\count309
\blx@tempcntb=\count310
\blx@tempcntc=\count311
\c@blx@maxsection=\count312
\c@blx@maxsegment@0=\count313
\blx@notetype=\count314
\blx@parenlevel@text=\count315
\blx@parenlevel@foot=\count316
\c@blx@sectionciteorder@0=\count317
\blx@entrysetcounter=\count318
\blx@biblioinstance=\count319
\labelnumberwidth=\skip57
\labelalphawidth=\skip58
\biblabelsep=\skip59
\bibitemsep=\skip60
\bibnamesep=\skip61
\bibinitsep=\skip62
\bibparsep=\skip63
\bibhang=\skip64
\blx@bcfin=\read2
\blx@bcfout=\write3
\blx@langwohyphens=\language79
\c@mincomprange=\count320
\c@maxcomprange=\count321
\c@mincompwidth=\count322
Package biblatex Info: Trying to load biblatex default data model...
Package biblatex Info: ... file 'blx-dm.def' found.

(C:\Users\alana\AppData\Local\Programs\MiKTeX\tex/latex/biblatex\blx-dm.def
File: blx-dm.def 2022/02/02 v3.17 biblatex localization (PK/MW)
)
Package biblatex Info: Trying to load biblatex custom data model...
Package biblatex Info: ... file 'biblatex-dm.cfg' not found.
\c@afterword=\count323
\c@savedafterword=\count324
\c@annotator=\count325
\c@savedannotator=\count326
\c@author=\count327
\c@savedauthor=\count328
\c@bookauthor=\count329
\c@savedbookauthor=\count330
\c@commentator=\count331
\c@savedcommentator=\count332
\c@editor=\count333
\c@savededitor=\count334
\c@editora=\count335
\c@savededitora=\count336
\c@editorb=\count337
\c@savededitorb=\count338
\c@editorc=\count339
\c@savededitorc=\count340
\c@foreword=\count341
\c@savedforeword=\count342
\c@holder=\count343
\c@savedholder=\count344
\c@introduction=\count345
\c@savedintroduction=\count346
\c@namea=\count347
\c@savednamea=\count348
\c@nameb=\count349
\c@savednameb=\count350
\c@namec=\count351
\c@savednamec=\count352
\c@translator=\count353
\c@savedtranslator=\count354
\c@shortauthor=\count355
\c@savedshortauthor=\count356
\c@shorteditor=\count357
\c@savedshorteditor=\count358
\c@labelname=\count359
\c@savedlabelname=\count360
\c@institution=\count361
\c@savedinstitution=\count362
\c@lista=\count363
\c@savedlista=\count364
\c@listb=\count365
\c@savedlistb=\count366
\c@listc=\count367
\c@savedlistc=\count368
\c@listd=\count369
\c@savedlistd=\count370
\c@liste=\count371
\c@savedliste=\count372
\c@listf=\count373
\c@savedlistf=\count374
\c@location=\count375
\c@savedlocation=\count376
\c@organization=\count377
\c@savedorganization=\count378
\c@origlocation=\count379
\c@savedoriglocation=\count380
\c@origpublisher=\count381
\c@savedorigpublisher=\count382
\c@publisher=\count383
\c@savedpublisher=\count384
\c@language=\count385
\c@savedlanguage=\count386
\c@origlanguage=\count387
\c@savedoriglanguage=\count388
\c@pageref=\count389
\c@savedpageref=\count390
\shorthandwidth=\skip65
\shortjournalwidth=\skip66
\shortserieswidth=\skip67
\shorttitlewidth=\skip68
\shortauthorwidth=\skip69
\shorteditorwidth=\skip70
\locallabelnumberwidth=\skip71
\locallabelalphawidth=\skip72
\localshorthandwidth=\skip73
\localshortjournalwidth=\skip74
\localshortserieswidth=\skip75
\localshorttitlewidth=\skip76
\localshortauthorwidth=\skip77
\localshorteditorwidth=\skip78
Package biblatex Info: Trying to load compatibility code...
Package biblatex Info: ... file 'blx-compat.def' found.

(C:\Users\alana\AppData\Local\Programs\MiKTeX\tex/latex/biblatex\blx-compat.def
File: blx-compat.def 2022/02/02 v3.17 biblatex compatibility (PK/MW)
)
Package biblatex Info: Trying to load generic definitions...
Package biblatex Info: ... file 'biblatex.def' found.
 (C:\Users\alana\AppData\Local\Programs\MiKTeX\tex/latex/biblatex\biblatex.def
File: biblatex.def 2022/02/02 v3.17 biblatex compatibility (PK/MW)
\c@textcitecount=\count391
\c@textcitetotal=\count392
\c@textcitemaxnames=\count393
\c@biburlbigbreakpenalty=\count394
\c@biburlbreakpenalty=\count395
\c@biburlnumpenalty=\count396
\c@biburlucpenalty=\count397
\c@biburllcpenalty=\count398
\biburlbigskip=\muskip17
\biburlnumskip=\muskip18
\biburlucskip=\muskip19
\biburllcskip=\muskip20
\c@smartand=\count399
)
Package biblatex Info: Trying to load bibliography style 'numeric'...
Package biblatex Info: ... file 'numeric.bbx' found.

(C:\Users\alana\AppData\Local\Programs\MiKTeX\tex/latex/biblatex/bbx\numeric.bb
x
File: numeric.bbx 2022/02/02 v3.17 biblatex bibliography style (PK/MW)
Package biblatex Info: Trying to load bibliography style 'standard'...
Package biblatex Info: ... file 'standard.bbx' found.

(C:\Users\alana\AppData\Local\Programs\MiKTeX\tex/latex/biblatex/bbx\standard.b
bx
File: standard.bbx 2022/02/02 v3.17 biblatex bibliography style (PK/MW)
\c@bbx:relatedcount=\count400
\c@bbx:relatedtotal=\count401
))
Package biblatex Info: Trying to load citation style 'numeric'...
Package biblatex Info: ... file 'numeric.cbx' found.

(C:\Users\alana\AppData\Local\Programs\MiKTeX\tex/latex/biblatex/cbx\numeric.cb
x
File: numeric.cbx 2022/02/02 v3.17 biblatex citation style (PK/MW)
Package biblatex Info: Redefining '\cite'.
Package biblatex Info: Redefining '\parencite'.
Package biblatex Info: Redefining '\footcite'.
Package biblatex Info: Redefining '\footcitetext'.
Package biblatex Info: Redefining '\smartcite'.
Package biblatex Info: Redefining '\supercite'.
Package biblatex Info: Redefining '\textcite'.
Package biblatex Info: Redefining '\textcites'.
Package biblatex Info: Redefining '\cites'.
Package biblatex Info: Redefining '\parencites'.
Package biblatex Info: Redefining '\smartcites'.
)
Package biblatex Info: Trying to load configuration file...
Package biblatex Info: ... file 'biblatex.cfg' found.

(C:\Users\alana\AppData\Local\Programs\MiKTeX\tex/latex/biblatex\biblatex.cfg
File: biblatex.cfg 
)
Package biblatex Info: Input encoding 'utf8' detected.
Package biblatex Info: Document encoding is UTF8 ....

(C:\Users\alana\AppData\Local\Programs\MiKTeX\tex/latex/l3kernel\expl3.sty
Package: expl3 2022-05-04 L3 programming layer (loader) 

(C:\Users\alana\AppData\Local\Programs\MiKTeX\tex/latex/l3backend\l3backend-pdf
tex.def
File: l3backend-pdftex.def 2022-04-20 L3 backend support: PDF output (pdfTeX)
\l__color_backend_stack_int=\count402
\l__pdf_internal_box=\box62
))
Package biblatex Info: ... and expl3
(biblatex)             2022-05-04 L3 programming layer (loader) 
(biblatex)             is new enough (at least 2020/04/06),
(biblatex)             setting 'casechanger=expl3'.

(C:\Users\alana\AppData\Local\Programs\MiKTeX\tex/latex/biblatex\blx-case-expl3
.sty
(C:\Users\alana\AppData\Local\Programs\MiKTeX\tex/latex/l3packages/xparse\xpars
e.sty
Package: xparse 2022-01-12 L3 Experimental document command parser
)
Package: blx-case-expl3 2022/02/02 v3.17 expl3 case changing code for biblatex
))
\@quotelevel=\count403
\@quotereset=\count404
LaTeX Font Info:    Trying to load font information for T1+lmr on input line 15
.
 (C:\Users\alana\AppData\Local\Programs\MiKTeX\tex/latex/lm\t1lmr.fd
File: t1lmr.fd 2015/05/01 v1.6.1 Font defs for Latin Modern
)
(chemistry materials.aux)
\openout1 = `"chemistry materials.aux"'.

LaTeX Font Info:    Checking defaults for OML/cmm/m/it on input line 15.
LaTeX Font Info:    ... okay on input line 15.
LaTeX Font Info:    Checking defaults for OMS/cmsy/m/n on input line 15.
LaTeX Font Info:    ... okay on input line 15.
LaTeX Font Info:    Checking defaults for OT1/cmr/m/n on input line 15.
LaTeX Font Info:    ... okay on input line 15.
LaTeX Font Info:    Checking defaults for T1/cmr/m/n on input line 15.
LaTeX Font Info:    ... okay on input line 15.
LaTeX Font Info:    Checking defaults for TS1/cmr/m/n on input line 15.
LaTeX Font Info:    ... okay on input line 15.
LaTeX Font Info:    Checking defaults for OMX/cmex/m/n on input line 15.
LaTeX Font Info:    ... okay on input line 15.
LaTeX Font Info:    Checking defaults for U/cmr/m/n on input line 15.
LaTeX Font Info:    ... okay on input line 15.
Package lastpage Info: Please have a look at the pageslts package at
(lastpage)             https://www.ctan.org/pkg/pageslts
(lastpage)             ! on input line 15.

(C:\Users\alana\AppData\Local\Programs\MiKTeX\tex/context/base/mkii\supp-pdf.mk
ii
[Loading MPS to PDF converter (version 2006.09.02).]
\scratchcounter=\count405
\scratchdimen=\dimen166
\scratchbox=\box63
\nofMPsegments=\count406
\nofMParguments=\count407
\everyMPshowfont=\toks24
\MPscratchCnt=\count408
\MPscratchDim=\dimen167
\MPnumerator=\count409
\makeMPintoPDFobject=\count410
\everyMPtoPDFconversion=\toks25
)
Package biblatex Info: Trying to load language 'english'...
Package biblatex Info: ... file 'english.lbx' found.

(C:\Users\alana\AppData\Local\Programs\MiKTeX\tex/latex/biblatex/lbx\english.lb
x
File: english.lbx 2022/02/02 v3.17 biblatex localization (PK/MW)
)
Package biblatex Info: Input encoding 'utf8' detected.
Package biblatex Info: Automatic encoding selection.
(biblatex)             Assuming data encoding 'utf8'.
\openout3 = `"chemistry materials.bcf"'.

Package biblatex Info: Trying to load bibliographic data...
Package biblatex Info: ... file '"chemistry materials".bbl' found.
 (chemistry materials.bbl)
Package biblatex Info: Reference section=0 on input line 15.
Package biblatex Info: Reference segment=0 on input line 15.
LaTeX Font Info:    Trying to load font information for TS1+lmr on input line 3
6.

(C:\Users\alana\AppData\Local\Programs\MiKTeX\tex/latex/lm\ts1lmr.fd
File: ts1lmr.fd 2015/05/01 v1.6.1 Font defs for Latin Modern
)
chemistry materials.tex:86: Dimension too large.
<to be read again> 
                   =
l.86 \end{longtabu}
                   
I can't work with sizes bigger than about 19 feet.
Continue and I'll use the largest value I can.

chemistry materials.tex:86: Dimension too large.
<to be read again> 
                   =
l.86 \end{longtabu}
                   
I can't work with sizes bigger than about 19 feet.
Continue and I'll use the largest value I can.

chemistry materials.tex:86: Dimension too large.
<to be read again> 
                   =
l.86 \end{longtabu}
                   
I can't work with sizes bigger than about 19 feet.
Continue and I'll use the largest value I can.

chemistry materials.tex:86: Dimension too large.
<to be read again> 
                   =
l.86 \end{longtabu}
                   
I can't work with sizes bigger than about 19 feet.
Continue and I'll use the largest value I can.

(C:\Users\alana\AppData\Local\Programs\MiKTeX\tex/latex/lm\ot1lmr.fd)
(C:\Users\alana\AppData\Local\Programs\MiKTeX\tex/latex/lm\omllmm.fd)
(C:\Users\alana\AppData\Local\Programs\MiKTeX\tex/latex/lm\omslmsy.fd)
(C:\Users\alana\AppData\Local\Programs\MiKTeX\tex/latex/lm\omxlmex.fd)
chemistry materials.tex:86: Dimension too large.
<recently read> \tabucolX 
                          
l.86 \end{longtabu}
                   
I can't work with sizes bigger than about 19 feet.
Continue and I'll use the largest value I can.

chemistry materials.tex:86: Dimension too large.
<recently read> \tabucolX 
                          
l.86 \end{longtabu}
                   
I can't work with sizes bigger than about 19 feet.
Continue and I'll use the largest value I can.

chemistry materials.tex:86: Dimension too large.
<recently read> \tabucolX 
                          
l.86 \end{longtabu}
                   
I can't work with sizes bigger than about 19 feet.
Continue and I'll use the largest value I can.

chemistry materials.tex:86: Dimension too large.
<recently read> \tabucolX 
                          
l.86 \end{longtabu}
                   
I can't work with sizes bigger than about 19 feet.
Continue and I'll use the largest value I can.

chemistry materials.tex:86: Dimension too large.
<recently read> \tabucolX 
                          
l.86 \end{longtabu}
                   
I can't work with sizes bigger than about 19 feet.
Continue and I'll use the largest value I can.

chemistry materials.tex:86: Dimension too large.
<recently read> \tabucolX 
                          
l.86 \end{longtabu}
                   
I can't work with sizes bigger than about 19 feet.
Continue and I'll use the largest value I can.

chemistry materials.tex:86: Dimension too large.
<recently read> \tabucolX 
                          
l.86 \end{longtabu}
                   
I can't work with sizes bigger than about 19 feet.
Continue and I'll use the largest value I can.

chemistry materials.tex:86: Dimension too large.
<to be read again> 
                   =
l.86 \end{longtabu}
                   
I can't work with sizes bigger than about 19 feet.
Continue and I'll use the largest value I can.

chemistry materials.tex:86: Dimension too large.
\LT@max@sel #1#2->{\ifdim #2=\wd \tw@ 
                                      #1\else \number \c@LT@chunks \fi }{\th...
l.86 \end{longtabu}
                   
I can't work with sizes bigger than about 19 feet.
Continue and I'll use the largest value I can.

chemistry materials.tex:86: Dimension too large.
<to be read again> 
                   =
l.86 \end{longtabu}
                   
I can't work with sizes bigger than about 19 feet.
Continue and I'll use the largest value I can.

chemistry materials.tex:86: Dimension too large.
\LT@max@sel #1#2->{\ifdim #2=\wd \tw@ 
                                      #1\else \number \c@LT@chunks \fi }{\th...
l.86 \end{longtabu}
                   
I can't work with sizes bigger than about 19 feet.
Continue and I'll use the largest value I can.

chemistry materials.tex:86: Dimension too large.
<to be read again> 
                   =
l.86 \end{longtabu}
                   
I can't work with sizes bigger than about 19 feet.
Continue and I'll use the largest value I can.

chemistry materials.tex:86: Dimension too large.
\LT@max@sel #1#2->{\ifdim #2=\wd \tw@ 
                                      #1\else \number \c@LT@chunks \fi }{\th...
l.86 \end{longtabu}
                   
I can't work with sizes bigger than about 19 feet.
Continue and I'll use the largest value I can.

chemistry materials.tex:86: Dimension too large.
<to be read again> 
                   =
l.86 \end{longtabu}
                   
I can't work with sizes bigger than about 19 feet.
Continue and I'll use the largest value I can.

chemistry materials.tex:86: Dimension too large.
\LT@max@sel #1#2->{\ifdim #2=\wd \tw@ 
                                      #1\else \number \c@LT@chunks \fi }{\th...
l.86 \end{longtabu}
                   
I can't work with sizes bigger than about 19 feet.
Continue and I'll use the largest value I can.

chemistry materials.tex:86: Dimension too large.
<recently read> \tabucolX 
                          
l.86 \end{longtabu}
                   
I can't work with sizes bigger than about 19 feet.
Continue and I'll use the largest value I can.

chemistry materials.tex:86: Dimension too large.
<recently read> \tabucolX 
                          
l.86 \end{longtabu}
                   
I can't work with sizes bigger than about 19 feet.
Continue and I'll use the largest value I can.

chemistry materials.tex:86: Dimension too large.
<recently read> \tabucolX 
                          
l.86 \end{longtabu}
                   
I can't work with sizes bigger than about 19 feet.
Continue and I'll use the largest value I can.

chemistry materials.tex:86: Dimension too large.
<recently read> \tabucolX 
                          
l.86 \end{longtabu}
                   
I can't work with sizes bigger than about 19 feet.
Continue and I'll use the largest value I can.

chemistry materials.tex:86: Dimension too large.
<recently read> \tabucolX 
                          
l.86 \end{longtabu}
                   
I can't work with sizes bigger than about 19 feet.
Continue and I'll use the largest value I can.

chemistry materials.tex:86: Dimension too large.
<recently read> \tabucolX 
                          
l.86 \end{longtabu}
                   
I can't work with sizes bigger than about 19 feet.
Continue and I'll use the largest value I can.

chemistry materials.tex:86: Dimension too large.
<recently read> \tabucolX 
                          
l.86 \end{longtabu}
                   
I can't work with sizes bigger than about 19 feet.
Continue and I'll use the largest value I can.

chemistry materials.tex:86: Dimension too large.
<to be read again> 
                   =
l.86 \end{longtabu}
                   
I can't work with sizes bigger than about 19 feet.
Continue and I'll use the largest value I can.

chemistry materials.tex:86: Dimension too large.
\LT@max@sel #1#2->{\ifdim #2=\wd \tw@ 
                                      #1\else \number \c@LT@chunks \fi }{\th...
l.86 \end{longtabu}
                   
I can't work with sizes bigger than about 19 feet.
Continue and I'll use the largest value I can.

chemistry materials.tex:86: Dimension too large.
<to be read again> 
                   =
l.86 \end{longtabu}
                   
I can't work with sizes bigger than about 19 feet.
Continue and I'll use the largest value I can.

chemistry materials.tex:86: Dimension too large.
\LT@max@sel #1#2->{\ifdim #2=\wd \tw@ 
                                      #1\else \number \c@LT@chunks \fi }{\th...
l.86 \end{longtabu}
                   
I can't work with sizes bigger than about 19 feet.
Continue and I'll use the largest value I can.

chemistry materials.tex:86: Dimension too large.
<to be read again> 
                   =
l.86 \end{longtabu}
                   
I can't work with sizes bigger than about 19 feet.
Continue and I'll use the largest value I can.

chemistry materials.tex:86: Dimension too large.
\LT@max@sel #1#2->{\ifdim #2=\wd \tw@ 
                                      #1\else \number \c@LT@chunks \fi }{\th...
l.86 \end{longtabu}
                   
I can't work with sizes bigger than about 19 feet.
Continue and I'll use the largest value I can.

chemistry materials.tex:86: Dimension too large.
<to be read again> 
                   =
l.86 \end{longtabu}
                   
I can't work with sizes bigger than about 19 feet.
Continue and I'll use the largest value I can.

chemistry materials.tex:86: Dimension too large.
\LT@max@sel #1#2->{\ifdim #2=\wd \tw@ 
                                      #1\else \number \c@LT@chunks \fi }{\th...
l.86 \end{longtabu}
                   
I can't work with sizes bigger than about 19 feet.
Continue and I'll use the largest value I can.

[1

{C:/Users/alana/AppData/Local/MiKTeX/fonts/map/pdftex/pdftex.map}]

chemistry materials.tex:99: Package array Error:  Illegal pream-token (X): `c' 
used.

See the array package documentation for explanation.
Type  H <return>  for immediate help.
 ...                                              
                                                  
l.99 \begin{tabular}{@{}X[l] X[2l] X[r] X[r]@{}}
                                                %
Try typing  <return>  to proceed.
If that doesn't work, type  X <return>  to quit.


chemistry materials.tex:99: Package array Error:  Illegal pream-token ([): `c' 
used.

See the array package documentation for explanation.
Type  H <return>  for immediate help.
 ...                                              
                                                  
l.99 \begin{tabular}{@{}X[l] X[2l] X[r] X[r]@{}}
                                                %
Try typing  <return>  to proceed.
If that doesn't work, type  X <return>  to quit.


chemistry materials.tex:99: Package array Error:  Illegal pream-token (]): `c' 
used.

See the array package documentation for explanation.
Type  H <return>  for immediate help.
 ...                                              
                                                  
l.99 \begin{tabular}{@{}X[l] X[2l] X[r] X[r]@{}}
                                                %
Try typing  <return>  to proceed.
If that doesn't work, type  X <return>  to quit.


chemistry materials.tex:99: Package array Error:  Illegal pream-token (X): `c' 
used.

See the array package documentation for explanation.
Type  H <return>  for immediate help.
 ...                                              
                                                  
l.99 \begin{tabular}{@{}X[l] X[2l] X[r] X[r]@{}}
                                                %
Try typing  <return>  to proceed.
If that doesn't work, type  X <return>  to quit.


chemistry materials.tex:99: Package array Error:  Illegal pream-token ([): `c' 
used.

See the array package documentation for explanation.
Type  H <return>  for immediate help.
 ...                                              
                                                  
l.99 \begin{tabular}{@{}X[l] X[2l] X[r] X[r]@{}}
                                                %
Try typing  <return>  to proceed.
If that doesn't work, type  X <return>  to quit.


chemistry materials.tex:99: Package array Error:  Illegal pream-token (2): `c' 
used.

See the array package documentation for explanation.
Type  H <return>  for immediate help.
 ...                                              
                                                  
l.99 \begin{tabular}{@{}X[l] X[2l] X[r] X[r]@{}}
                                                %
Try typing  <return>  to proceed.
If that doesn't work, type  X <return>  to quit.


chemistry materials.tex:99: Package array Error:  Illegal pream-token (]): `c' 
used.

See the array package documentation for explanation.
Type  H <return>  for immediate help.
 ...                                              
                                                  
l.99 \begin{tabular}{@{}X[l] X[2l] X[r] X[r]@{}}
                                                %
Try typing  <return>  to proceed.
If that doesn't work, type  X <return>  to quit.


chemistry materials.tex:99: Package array Error:  Illegal pream-token (X): `c' 
used.

See the array package documentation for explanation.
Type  H <return>  for immediate help.
 ...                                              
                                                  
l.99 \begin{tabular}{@{}X[l] X[2l] X[r] X[r]@{}}
                                                %
Try typing  <return>  to proceed.
If that doesn't work, type  X <return>  to quit.


chemistry materials.tex:99: Package array Error:  Illegal pream-token ([): `c' 
used.

See the array package documentation for explanation.
Type  H <return>  for immediate help.
 ...                                              
                                                  
l.99 \begin{tabular}{@{}X[l] X[2l] X[r] X[r]@{}}
                                                %
Try typing  <return>  to proceed.
If that doesn't work, type  X <return>  to quit.


chemistry materials.tex:99: Package array Error:  Illegal pream-token (]): `c' 
used.

See the array package documentation for explanation.
Type  H <return>  for immediate help.
 ...                                              
                                                  
l.99 \begin{tabular}{@{}X[l] X[2l] X[r] X[r]@{}}
                                                %
Try typing  <return>  to proceed.
If that doesn't work, type  X <return>  to quit.


chemistry materials.tex:99: Package array Error:  Illegal pream-token (X): `c' 
used.

See the array package documentation for explanation.
Type  H <return>  for immediate help.
 ...                                              
                                                  
l.99 \begin{tabular}{@{}X[l] X[2l] X[r] X[r]@{}}
                                                %
Try typing  <return>  to proceed.
If that doesn't work, type  X <return>  to quit.


chemistry materials.tex:99: Package array Error:  Illegal pream-token ([): `c' 
used.

See the array package documentation for explanation.
Type  H <return>  for immediate help.
 ...                                              
                                                  
l.99 \begin{tabular}{@{}X[l] X[2l] X[r] X[r]@{}}
                                                %
Try typing  <return>  to proceed.
If that doesn't work, type  X <return>  to quit.


chemistry materials.tex:99: Package array Error:  Illegal pream-token (]): `c' 
used.

See the array package documentation for explanation.
Type  H <return>  for immediate help.
 ...                                              
                                                  
l.99 \begin{tabular}{@{}X[l] X[2l] X[r] X[r]@{}}
                                                %
Try typing  <return>  to proceed.
If that doesn't work, type  X <return>  to quit.

chemistry materials.tex:104: Undefined control sequence.
l.104 foo&45&\Number
                    {0}&\cite{askin}\\%
The control sequence at the end of the top line
of your error message was never \def'ed. If you have
misspelled it (e.g., `\hobx'), type `I' and the correct
spelling (e.g., `I\hbox'). Otherwise just continue,
and I'll forget about whatever was undefined.


LaTeX Warning: Citation 'askin' on page 2 undefined on input line 104.

chemistry materials.tex:105: Undefined control sequence.
l.105 bar&23&\Number
                    {1}&\cite{bar}\\%
The control sequence at the end of the top line
of your error message was never \def'ed. If you have
misspelled it (e.g., `\hobx'), type `I' and the correct
spelling (e.g., `I\hbox'). Otherwise just continue,
and I'll forget about whatever was undefined.


LaTeX Warning: Citation 'bar' on page 2 undefined on input line 105.

chemistry materials.tex:106: Undefined control sequence.
l.106 Bar&7&\Number
                   {2}&\cite{angenendt}\\%
The control sequence at the end of the top line
of your error message was never \def'ed. If you have
misspelled it (e.g., `\hobx'), type `I' and the correct
spelling (e.g., `I\hbox'). Otherwise just continue,
and I'll forget about whatever was undefined.


LaTeX Warning: Citation 'angenendt' on page 2 undefined on input line 106.

chemistry materials.tex:107: Undefined control sequence.
l.107 Foobar&199&\Number
                        {3}&\cite{doody}\\\bottomrule%
The control sequence at the end of the top line
of your error message was never \def'ed. If you have
misspelled it (e.g., `\hobx'), type `I' and the correct
spelling (e.g., `I\hbox'). Otherwise just continue,
and I'll forget about whatever was undefined.


LaTeX Warning: Citation 'doody' on page 2 undefined on input line 107.


AED: lastpage setting LastPage
[2] (chemistry materials.aux)

LaTeX Warning: There were undefined references.


Package biblatex Warning: Please (re)run Biber on the file:
(biblatex)                "chemistry materials"
(biblatex)                and rerun LaTeX afterwards.

Package logreq Info: Writing requests to '"chemistry materials".run.xml'.
\openout1 = `"chemistry materials.run.xml"'.

 ) 
Here is how much of TeX's memory you used:
 11013 strings out of 478614
 206383 string characters out of 2843123
 916069 words of memory out of 3000000
 29065 multiletter control sequences out of 15000+600000
 493753 words of font info for 45 fonts, out of 8000000 for 9000
 1141 hyphenation exceptions out of 8191
 60i,9n,68p,757b,1218s stack positions out of 10000i,1000n,20000p,200000b,80000s
{C:/Users/alana/AppData/Local/Programs/MiKTeX/fonts/enc/dvips/lm/lm-ts1.enc}{
C:/Users/alana/AppData/Local/Programs/MiKTeX/fonts/enc/dvips/lm/lm-ec.enc}<C:/U
sers/alana/AppData/Local/Programs/MiKTeX/fonts/type1/public/lm/lmbx10.pfb><C:/U
sers/alana/AppData/Local/Programs/MiKTeX/fonts/type1/public/lm/lmbx12.pfb><C:/U
sers/alana/AppData/Local/Programs/MiKTeX/fonts/type1/public/lm/lmr10.pfb>
Output written on "C:/Users\alana\PycharmProjects\CALCULONUMERICO\out\chemistry
 materials.pdf" (2 pages, 96941 bytes).
PDF statistics:
 32 PDF objects out of 1000 (max. 8388607)
 0 named destinations out of 1000 (max. 500000)
 1 words of extra memory for PDF output out of 10000 (max. 10000000)

