This is pdfTeX, Version 3.141592653-2.6-1.40.24 (MiKTeX 22.11) (preloaded format=pdflatex 2022.11.20)  24 NOV 2022 00:50
entering extended mode
 restricted \write18 enabled.
 %&-line parsing enabled.
**./relat贸rio7.tex
(relat贸rio7.tex
LaTeX2e <2022-11-01>
L3 programming layer <2022-11-02>
(/usr/local/share/miktex-texmf/tex/latex/base/article.cls
Document Class: article 2022/07/02 v1.4n Standard LaTeX document class
(/usr/local/share/miktex-texmf/tex/latex/base/size11.clo
File: size11.clo 2022/07/02 v1.4n Standard LaTeX file (size option)
)
\c@part=\count185
\c@section=\count186
\c@subsection=\count187
\c@subsubsection=\count188
\c@paragraph=\count189
\c@subparagraph=\count190
\c@figure=\count191
\c@table=\count192
\abovecaptionskip=\skip47
\belowcaptionskip=\skip48
\bibindent=\dimen140
)
(/usr/local/share/miktex-texmf/tex/generic/babel/babel.sty
Package: babel 2022/10/23 3.82 The Babel package
\babel@savecnt=\count193
\U@D=\dimen141
\l@unhyphenated=\language1

(/usr/local/share/miktex-texmf/tex/generic/babel/txtbabel.def)
\bbl@readstream=\read2
\bbl@dirlevel=\count194

*************************************
* Local config file bblopts.cfg used
*
(/usr/local/share/miktex-texmf/tex/latex/arabi/bblopts.cfg
File: bblopts.cfg 2005/09/08 v0.1 add Arabic and Farsi to "declared" options of
 babel
)
(/home/alan/.miktex/texmfs/install/tex/latex/babel-portuges/portuguese.ldf
Language: portuges 2021/07/09 v1.2t Portuguese support from the babel system


Package babel Warning: No hyphenation patterns were preloaded for
(babel)                the language 'Portuguese' into the format.
(babel)                Please, configure your TeX system to add them and
(babel)                rebuild the format. Now I will use the patterns
(babel)                preloaded for \language=0 instead on input line 53.

Package babel Info: Making " an active character on input line 143.
))
(/usr/local/share/miktex-texmf/tex/generic/babel/locale/pt/babel-portuguese.tex
Package babel Info: Importing font and identification data for portuguese
(babel)             from babel-pt.ini. Reported on input line 11.
) (/usr/local/share/miktex-texmf/tex/latex/amsmath/amsmath.sty
Package: amsmath 2022/04/08 v2.17n AMS math features
\@mathmargin=\skip49

For additional information on amsmath, use the `?' option.
(/usr/local/share/miktex-texmf/tex/latex/amsmath/amstext.sty
Package: amstext 2021/08/26 v2.01 AMS text

(/usr/local/share/miktex-texmf/tex/latex/amsmath/amsgen.sty
File: amsgen.sty 1999/11/30 v2.0 generic functions
\@emptytoks=\toks16
\ex@=\dimen142
))
(/usr/local/share/miktex-texmf/tex/latex/amsmath/amsbsy.sty
Package: amsbsy 1999/11/29 v1.2d Bold Symbols
\pmbraise@=\dimen143
)
(/usr/local/share/miktex-texmf/tex/latex/amsmath/amsopn.sty
Package: amsopn 2022/04/08 v2.04 operator names
)
\inf@bad=\count195
LaTeX Info: Redefining \frac on input line 234.
\uproot@=\count196
\leftroot@=\count197
LaTeX Info: Redefining \overline on input line 399.
LaTeX Info: Redefining \colon on input line 410.
\classnum@=\count198
\DOTSCASE@=\count199
LaTeX Info: Redefining \ldots on input line 496.
LaTeX Info: Redefining \dots on input line 499.
LaTeX Info: Redefining \cdots on input line 620.
\Mathstrutbox@=\box51
\strutbox@=\box52
LaTeX Info: Redefining \big on input line 722.
LaTeX Info: Redefining \Big on input line 723.
LaTeX Info: Redefining \bigg on input line 724.
LaTeX Info: Redefining \Bigg on input line 725.
\big@size=\dimen144
LaTeX Font Info:    Redeclaring font encoding OML on input line 743.
LaTeX Font Info:    Redeclaring font encoding OMS on input line 744.
\macc@depth=\count266
LaTeX Info: Redefining \bmod on input line 905.
LaTeX Info: Redefining \pmod on input line 910.
LaTeX Info: Redefining \smash on input line 940.
LaTeX Info: Redefining \relbar on input line 970.
LaTeX Info: Redefining \Relbar on input line 971.
\c@MaxMatrixCols=\count267
\dotsspace@=\muskip16
\c@parentequation=\count268
\dspbrk@lvl=\count269
\tag@help=\toks17
\row@=\count270
\column@=\count271
\maxfields@=\count272
\andhelp@=\toks18
\eqnshift@=\dimen145
\alignsep@=\dimen146
\tagshift@=\dimen147
\tagwidth@=\dimen148
\totwidth@=\dimen149
\lineht@=\dimen150
\@envbody=\toks19
\multlinegap=\skip50
\multlinetaggap=\skip51
\mathdisplay@stack=\toks20
LaTeX Info: Redefining \[ on input line 2953.
LaTeX Info: Redefining \] on input line 2954.
)
(/usr/local/share/miktex-texmf/tex/latex/graphics/graphicx.sty
Package: graphicx 2021/09/16 v1.2d Enhanced LaTeX Graphics (DPC,SPQR)

(/usr/local/share/miktex-texmf/tex/latex/graphics/keyval.sty
Package: keyval 2022/05/29 v1.15 key=value parser (DPC)
\KV@toks@=\toks21
)
(/usr/local/share/miktex-texmf/tex/latex/graphics/graphics.sty
Package: graphics 2022/03/10 v1.4e Standard LaTeX Graphics (DPC,SPQR)

(/usr/local/share/miktex-texmf/tex/latex/graphics/trig.sty
Package: trig 2021/08/11 v1.11 sin cos tan (DPC)
)
(/usr/local/share/miktex-texmf/tex/latex/graphics-cfg/graphics.cfg
File: graphics.cfg 2016/06/04 v1.11 sample graphics configuration
)
Package graphics Info: Driver file: pdftex.def on input line 107.

(/usr/local/share/miktex-texmf/tex/latex/graphics-def/pdftex.def
File: pdftex.def 2022/09/22 v1.2b Graphics/color driver for pdftex
))
\Gin@req@height=\dimen151
\Gin@req@width=\dimen152
)
(/home/alan/.miktex/texmfs/install/tex/latex/setspace/setspace.sty
Package: setspace 2011/12/19 v6.7a set line spacing
)
(/home/alan/.miktex/texmfs/install/tex/latex/geometry/geometry.sty
Package: geometry 2020/01/02 v5.9 Page Geometry

(/usr/local/share/miktex-texmf/tex/generic/iftex/ifvtex.sty
Package: ifvtex 2019/10/25 v1.7 ifvtex legacy package. Use iftex instead.

(/usr/local/share/miktex-texmf/tex/generic/iftex/iftex.sty
Package: iftex 2022/02/03 v1.0f TeX engine tests
))
\Gm@cnth=\count273
\Gm@cntv=\count274
\c@Gm@tempcnt=\count275
\Gm@bindingoffset=\dimen153
\Gm@wd@mp=\dimen154
\Gm@odd@mp=\dimen155
\Gm@even@mp=\dimen156
\Gm@layoutwidth=\dimen157
\Gm@layoutheight=\dimen158
\Gm@layouthoffset=\dimen159
\Gm@layoutvoffset=\dimen160
\Gm@dimlist=\toks22

(/home/alan/.miktex/texmfs/install/tex/latex/geometry/geometry.cfg))
(/usr/local/share/miktex-texmf/tex/latex/tools/indentfirst.sty
Package: indentfirst 1995/11/23 v1.03 Indent first paragraph (DPC)
)
(/usr/local/share/miktex-texmf/tex/latex/listings/listings.sty
\lst@mode=\count276
\lst@gtempboxa=\box53
\lst@token=\toks23
\lst@length=\count277
\lst@currlwidth=\dimen161
\lst@column=\count278
\lst@pos=\count279
\lst@lostspace=\dimen162
\lst@width=\dimen163
\lst@newlines=\count280
\lst@lineno=\count281
\lst@maxwidth=\dimen164

(/usr/local/share/miktex-texmf/tex/latex/listings/lstmisc.sty
File: lstmisc.sty 2020/03/24 1.8d (Carsten Heinz)
\c@lstnumber=\count282
\lst@skipnumbers=\count283
\lst@framebox=\box54
)
(/usr/local/share/miktex-texmf/tex/latex/listings/listings.cfg
File: listings.cfg 2020/03/24 1.8d listings configuration
))
Package: listings 2020/03/24 1.8d (Carsten Heinz)

(/home/alan/.miktex/texmfs/install/tex/latex/subfig/subfig.sty
Package: subfig 2005/06/28 ver: 1.3 subfig package

(/home/alan/.miktex/texmfs/install/tex/latex/caption/caption.sty
Package: caption 2022/03/01 v3.6b Customizing captions (AR)

(/home/alan/.miktex/texmfs/install/tex/latex/caption/caption3.sty
Package: caption3 2022/03/17 v2.3b caption3 kernel (AR)
\caption@tempdima=\dimen165
\captionmargin=\dimen166
\caption@leftmargin=\dimen167
\caption@rightmargin=\dimen168
\caption@width=\dimen169
\caption@indent=\dimen170
\caption@parindent=\dimen171
\caption@hangindent=\dimen172
Package caption Info: Standard document class detected.
)
\c@caption@flags=\count284
\c@continuedfloat=\count285
Package caption Info: listings package is loaded.
)
\c@KVtest=\count286
\sf@farskip=\skip52
\sf@captopadj=\dimen173
\sf@capskip=\skip53
\sf@nearskip=\skip54
\c@subfigure=\count287
\c@subfigure@save=\count288
\c@lofdepth=\count289
\c@subtable=\count290
\c@subtable@save=\count291
\c@lotdepth=\count292
\sf@top=\skip55
\sf@bottom=\skip56
)
(/usr/local/share/miktex-texmf/tex/latex/base/inputenc.sty
Package: inputenc 2021/02/14 v1.3d Input encoding file
\inpenc@prehook=\toks24
\inpenc@posthook=\toks25
)
(/usr/local/share/miktex-texmf/tex/latex/base/fontenc.sty
Package: fontenc 2021/04/29 v2.0v Standard LaTeX package
)
! Undefined control sequence.
l.19 \remove
            {}\usepackage[alf, abnt-emphasize=bf, abnt-thesis-year=both, abn...

? 
(/home/alan/.miktex/texmfs/install/tex/latex/abntex2/abntex2cite.sty
Package: abntex2cite 2018/11/24 v-1.9.7 abnTeX2

(/usr/local/share/miktex-texmf/tex/latex/base/ifthen.sty
Package: ifthen 2022/04/13 v1.1d Standard LaTeX ifthen package (DPC)
)
(/usr/local/share/miktex-texmf/tex/latex/tools/calc.sty
Package: calc 2017/05/25 v4.3 Infix arithmetic (KKT,FJ)
\calc@Acount=\count293
\calc@Bcount=\count294
\calc@Adimen=\dimen174
\calc@Bdimen=\dimen175
\calc@Askip=\skip57
\calc@Bskip=\skip58
LaTeX Info: Redefining \setlength on input line 80.
LaTeX Info: Redefining \addtolength on input line 81.
\calc@Ccount=\count295
\calc@Cskip=\skip59
)
(/home/alan/.miktex/texmfs/install/tex/latex/abntex2/abntex2abrev.sty)
(/usr/local/share/miktex-texmf/tex/latex/url/url.sty
\Urlmuskip=\muskip17
Package: url 2013/09/16  ver 3.4  Verb mode for urls, etc.
)
\minimumbiblabelwidth=\skip60
\ABCIauxlen=\skip61
\c@ABCIaux=\count296
\c@ABCImax=\count297

(/usr/local/share/miktex-texmf/tex/generic/iftex/ifpdf.sty
Package: ifpdf 2019/10/25 v3.4 ifpdf legacy package. Use iftex instead.
)
(/usr/local/share/miktex-texmf/tex/generic/iftex/ifxetex.sty
Package: ifxetex 2019/10/25 v0.7 ifxetex legacy package. Use iftex instead.
)
(/home/alan/.miktex/texmfs/install/tex/latex/relsize/relsize.sty
Package: relsize 2013/03/29 ver 4.1
)
\biblabelsep=\skip62
LaTeX Info: Redefining \newblock on input line 591.
LaTeX Info: Redefining \cite on input line 618.
\ABCItoken=\toks26
)
(/usr/local/share/miktex-texmf/tex/latex/l3backend/l3backend-pdftex.def
File: l3backend-pdftex.def 2022-10-26 L3 backend support: PDF output (pdfTeX)
\l__color_backend_stack_int=\count298
\l__pdf_internal_box=\box55
)
(relat贸rio7.aux)
\openout1 = `relat贸rio7.aux'.

LaTeX Font Info:    Checking defaults for OML/cmm/m/it on input line 23.
LaTeX Font Info:    ... okay on input line 23.
LaTeX Font Info:    Checking defaults for OMS/cmsy/m/n on input line 23.
LaTeX Font Info:    ... okay on input line 23.
LaTeX Font Info:    Checking defaults for OT1/cmr/m/n on input line 23.
LaTeX Font Info:    ... okay on input line 23.
LaTeX Font Info:    Checking defaults for T1/cmr/m/n on input line 23.
LaTeX Font Info:    ... okay on input line 23.
LaTeX Font Info:    Checking defaults for TS1/cmr/m/n on input line 23.
LaTeX Font Info:    ... okay on input line 23.
LaTeX Font Info:    Checking defaults for OMX/cmex/m/n on input line 23.
LaTeX Font Info:    ... okay on input line 23.
LaTeX Font Info:    Checking defaults for U/cmr/m/n on input line 23.
LaTeX Font Info:    ... okay on input line 23.

(/usr/local/share/miktex-texmf/tex/context/base/mkii/supp-pdf.mkii
[Loading MPS to PDF converter (version 2006.09.02).]
\scratchcounter=\count299
\scratchdimen=\dimen176
\scratchbox=\box56
\nofMPsegments=\count300
\nofMParguments=\count301
\everyMPshowfont=\toks27
\MPscratchCnt=\count302
\MPscratchDim=\dimen177
\MPnumerator=\count303
\makeMPintoPDFobject=\count304
\everyMPtoPDFconversion=\toks28
) (/usr/local/share/miktex-texmf/tex/latex/epstopdf-pkg/epstopdf-base.sty
Package: epstopdf-base 2020-01-24 v2.11 Base part for package epstopdf
Package epstopdf-base Info: Redefining graphics rule for `.eps' on input line 4
85.

(/usr/local/share/miktex-texmf/tex/latex/00miktex/epstopdf-sys.cfg
File: epstopdf-sys.cfg 2021/03/18 v2.0 Configuration of epstopdf for MiKTeX
))
*geometry* driver: auto-detecting
*geometry* detected driver: pdftex
*geometry* verbose mode - [ preamble ] result:
* driver: pdftex
* paper: a4paper
* layout: <same size as paper>
* layoutoffset:(h,v)=(0.0pt,0.0pt)
* modes: 
* h-part:(L,W,R)=(71.13188pt, 455.24411pt, 71.13188pt)
* v-part:(T,H,B)=(71.13188pt, 702.78308pt, 71.13188pt)
* \paperwidth=597.50787pt
* \paperheight=845.04684pt
* \textwidth=455.24411pt
* \textheight=702.78308pt
* \oddsidemargin=-1.1381pt
* \evensidemargin=-1.1381pt
* \topmargin=-38.1381pt
* \headheight=12.0pt
* \headsep=25.0pt
* \topskip=11.0pt
* \footskip=30.0pt
* \marginparwidth=50.0pt
* \marginparsep=10.0pt
* \columnsep=10.0pt
* \skip\footins=10.0pt plus 4.0pt minus 2.0pt
* \hoffset=0.0pt
* \voffset=0.0pt
* \mag=1000
* \@twocolumnfalse
* \@twosidefalse
* \@mparswitchfalse
* \@reversemarginfalse
* (1in=72.27pt=25.4mm, 1cm=28.453pt)

\c@lstlisting=\count305
Package caption Info: Begin \AtBeginDocument code.
Package caption Info: subfig package v1.3 is loaded.
Package caption Info: End \AtBeginDocument code.
(sections/capa.tex
<pictures/logo_ufpa.png, id=1, 91.323pt x 113.004pt>
File: pictures/logo_ufpa.png Graphic file (type png)
<use pictures/logo_ufpa.png>
Package pdftex.def Info: pictures/logo_ufpa.png  used on input line 5.
(pdftex.def)             Requested size: 91.32275pt x 113.00372pt.

Overfull \hbox (5.9645pt too wide) in paragraph at lines 5--5
[][] 
 []

) (sections/introducao.tex [1

{/home/alan/.miktex/texmfs/data/fonts/map/pdftex/pdftex.map} <./pictures/logo_u
fpa.png>]) (sections/objetivos.tex)
(sections/materiais.tex
Underfull \hbox (badness 10000) in paragraph at lines 5--40

 []

[2]
<pictures/bancada.jpeg, id=18, 1606.0pt x 1204.5pt>
File: pictures/bancada.jpeg Graphic file (type jpg)
<use pictures/bancada.jpeg>
Package pdftex.def Info: pictures/bancada.jpeg  used on input line 44.
(pdftex.def)             Requested size: 401.49902pt x 301.12427pt.

Underfull \hbox (badness 10000) in paragraph at lines 41--47

 []

[3 <./pictures/bancada.jpeg>]
Underfull \hbox (badness 10000) in paragraph at lines 75--76

 []

<pictures/tubos.jpeg, id=23, 1606.0pt x 1204.5pt>
File: pictures/tubos.jpeg Graphic file (type jpg)
<use pictures/tubos.jpeg>
Package pdftex.def Info: pictures/tubos.jpeg  used on input line 79.
(pdftex.def)             Requested size: 401.49902pt x 301.12427pt.

Underfull \hbox (badness 10000) in paragraph at lines 83--84

 []

[4 <./pictures/tubos.jpeg>]
Overfull \hbox (29.23459pt too wide) in paragraph at lines 90--111
 [][] 
 []


Underfull \hbox (badness 10000) in paragraph at lines 115--116

 []


Overfull \hbox (23.50555pt too wide) in paragraph at lines 118--119
\T1/cmr/m/n/10.95 de pH, o papel de tornassol vermelho, o qual apresentou uma c
or cristalina azulada, os comportamentos
 []


Underfull \hbox (badness 10000) in paragraph at lines 118--119

 []

<pictures/tubo1e2pre.jpeg, id=27, 1204.5pt x 1606.0pt>
File: pictures/tubo1e2pre.jpeg Graphic file (type jpg)
<use pictures/tubo1e2pre.jpeg>
Package pdftex.def Info: pictures/tubo1e2pre.jpeg  used on input line 122.
(pdftex.def)             Requested size: 192.72394pt x 256.96526pt.
<pictures/tubo1e2pos.jpeg, id=28, 1204.5pt x 1606.0pt>
File: pictures/tubo1e2pos.jpeg Graphic file (type jpg)
<use pictures/tubo1e2pos.jpeg>
Package pdftex.def Info: pictures/tubo1e2pos.jpeg  used on input line 124.
(pdftex.def)             Requested size: 192.72394pt x 256.96526pt.

Underfull \hbox (badness 10000) in paragraph at lines 128--129

 []

[5 <./pictures/tubo1e2pre.jpeg> <./pictures/tubo1e2pos.jpeg>]
<pictures/tubo3pre.jpeg, id=33, 1204.5pt x 1606.0pt>
File: pictures/tubo3pre.jpeg Graphic file (type jpg)
<use pictures/tubo3pre.jpeg>
Package pdftex.def Info: pictures/tubo3pre.jpeg  used on input line 135.
(pdftex.def)             Requested size: 192.72394pt x 256.96526pt.
<pictures/tubo3pos.jpeg, id=34, 1204.5pt x 1606.0pt>
File: pictures/tubo3pos.jpeg Graphic file (type jpg)
<use pictures/tubo3pos.jpeg>
Package pdftex.def Info: pictures/tubo3pos.jpeg  used on input line 137.
(pdftex.def)             Requested size: 192.72394pt x 256.96526pt.

Underfull \hbox (badness 10000) in paragraph at lines 140--141

 []

[6 <./pictures/tubo3pre.jpeg> <./pictures/tubo3pos.jpeg>]
<pictures/tubo4pre.jpeg, id=39, 1204.5pt x 1606.0pt>
File: pictures/tubo4pre.jpeg Graphic file (type jpg)
<use pictures/tubo4pre.jpeg>
Package pdftex.def Info: pictures/tubo4pre.jpeg  used on input line 149.
(pdftex.def)             Requested size: 192.72394pt x 256.96526pt.
<pictures/tubo4pos.jpeg, id=40, 1204.5pt x 1606.0pt>
File: pictures/tubo4pos.jpeg Graphic file (type jpg)
<use pictures/tubo4pos.jpeg>
Package pdftex.def Info: pictures/tubo4pos.jpeg  used on input line 151.
(pdftex.def)             Requested size: 192.72394pt x 256.96526pt.

Underfull \hbox (badness 10000) in paragraph at lines 154--155

 []


Underfull \hbox (badness 10000) in paragraph at lines 156--157

 []

[7 <./pictures/tubo4pre.jpeg> <./pictures/tubo4pos.jpeg>]
Underfull \hbox (badness 10000) in paragraph at lines 162--163

 []

<pictures/tubo5pre.jpeg, id=45, 1204.5pt x 1606.0pt>
File: pictures/tubo5pre.jpeg Graphic file (type jpg)
<use pictures/tubo5pre.jpeg>
Package pdftex.def Info: pictures/tubo5pre.jpeg  used on input line 166.
(pdftex.def)             Requested size: 192.72394pt x 256.96526pt.
<pictures/tubo5pos.jpeg, id=46, 1204.5pt x 1606.0pt>
File: pictures/tubo5pos.jpeg Graphic file (type jpg)
<use pictures/tubo5pos.jpeg>
Package pdftex.def Info: pictures/tubo5pos.jpeg  used on input line 168.
(pdftex.def)             Requested size: 192.72394pt x 256.96526pt.

Underfull \hbox (badness 10000) in paragraph at lines 171--172

 []


Underfull \hbox (badness 10000) in paragraph at lines 173--174

 []

[8 <./pictures/tubo5pre.jpeg> <./pictures/tubo5pos.jpeg>]
<pictures/tubo6pre.jpeg, id=50, 1606.0pt x 1204.5pt>
File: pictures/tubo6pre.jpeg Graphic file (type jpg)
<use pictures/tubo6pre.jpeg>
Package pdftex.def Info: pictures/tubo6pre.jpeg  used on input line 183.
(pdftex.def)             Requested size: 321.19432pt x 240.89574pt.
<pictures/tubo6pos.jpeg, id=51, 1606.0pt x 1204.5pt>
File: pictures/tubo6pos.jpeg Graphic file (type jpg)
<use pictures/tubo6pos.jpeg>
Package pdftex.def Info: pictures/tubo6pos.jpeg  used on input line 185.
(pdftex.def)             Requested size: 321.19432pt x 240.89574pt.

Underfull \hbox (badness 10000) in paragraph at lines 188--189

 []

[9 <./pictures/tubo6pre.jpeg> <./pictures/tubo6pos.jpeg>]
<pictures/tubo7pre.jpeg, id=55, 1204.5pt x 1606.0pt>
File: pictures/tubo7pre.jpeg Graphic file (type jpg)
<use pictures/tubo7pre.jpeg>
Package pdftex.def Info: pictures/tubo7pre.jpeg  used on input line 199.
(pdftex.def)             Requested size: 192.72394pt x 256.96526pt.
<pictures/tubo7pos.jpeg, id=56, 1204.5pt x 1606.0pt>
File: pictures/tubo7pos.jpeg Graphic file (type jpg)
<use pictures/tubo7pos.jpeg>
Package pdftex.def Info: pictures/tubo7pos.jpeg  used on input line 201.
(pdftex.def)             Requested size: 192.72394pt x 256.96526pt.

Underfull \hbox (badness 10000) in paragraph at lines 204--205

 []

[10 <./pictures/tubo7pre.jpeg> <./pictures/tubo7pos.jpeg>]
<pictures/tubo8pre.jpeg, id=60, 1606.0pt x 1204.5pt>
File: pictures/tubo8pre.jpeg Graphic file (type jpg)
<use pictures/tubo8pre.jpeg>
Package pdftex.def Info: pictures/tubo8pre.jpeg  used on input line 214.
(pdftex.def)             Requested size: 321.19432pt x 240.89574pt.
<pictures/tubo8pos.jpeg, id=61, 1606.0pt x 1204.5pt>
File: pictures/tubo8pos.jpeg Graphic file (type jpg)
<use pictures/tubo8pos.jpeg>
Package pdftex.def Info: pictures/tubo8pos.jpeg  used on input line 216.
(pdftex.def)             Requested size: 321.19432pt x 240.89574pt.

Underfull \hbox (badness 10000) in paragraph at lines 219--220

 []

[11 <./pictures/tubo8pre.jpeg> <./pictures/tubo8pos.jpeg>]
File: pictures/bancada.jpeg Graphic file (type jpg)
<use pictures/bancada.jpeg>
Package pdftex.def Info: pictures/bancada.jpeg  used on input line 230.
(pdftex.def)             Requested size: 401.49902pt x 301.12427pt.

Underfull \hbox (badness 10000) in paragraph at lines 238--239

 []


Underfull \hbox (badness 10000) in paragraph at lines 240--241

 []


Underfull \hbox (badness 10000) in paragraph at lines 242--243

 []


Underfull \hbox (badness 10000) in paragraph at lines 246--247

 []

[12]
Underfull \hbox (badness 10000) in paragraph at lines 248--249

 []


Underfull \hbox (badness 10000) in paragraph at lines 252--253

 []


Underfull \hbox (badness 10000) in paragraph at lines 254--255

 []


Underfull \hbox (badness 10000) in paragraph at lines 258--259

 []

<pictures/schematic.jpg, id=68, 771.88374pt x 400.49625pt>
File: pictures/schematic.jpg Graphic file (type jpg)
<use pictures/schematic.jpg>
Package pdftex.def Info: pictures/schematic.jpg  used on input line 262.
(pdftex.def)             Requested size: 364.19667pt x 188.96658pt.

LaTeX Warning: `h' float specifier changed to `ht'.


Underfull \hbox (badness 10000) in paragraph at lines 267--268

 []

[13]
Underfull \hbox (badness 10000) in paragraph at lines 270--271

 []


Underfull \hbox (badness 10000) in paragraph at lines 272--273

 []

[14 <./pictures/schematic.jpg>]
Overfull \hbox (4.79051pt too wide) in paragraph at lines 276--277
[]\T1/cmr/m/n/10.95 Foi possvel preparar o experimento qumico verificando o v
alor de pH de diferentes substncias,
 []


Underfull \hbox (badness 10000) in paragraph at lines 276--277

 []

[15]) (relat贸rio7.bbl
! Misplaced alignment tab character &.
l.25 ...r/index.php?optioncom\_contentviewarticle&
                                                  id=278:limao-a-composicao-...

? 

Underfull \hbox (badness 1052) in paragraph at lines 34--39
[]\T1/cmr/m/n/10.95 MAIA, F. 2022. \T1/cmr/m/it/10.95 Alaranjado de Metila\T1/c
mr/m/n/10.95 . Available from Internet: 
 []

! Misplaced alignment tab character &.
l.50 ....br/modules/galeria/detalhe.php?foto=1287&
                                                  evento=3}.}
? 
) [16] (relat贸rio7.aux) ) 
Here is how much of TeX's memory you used:
 7699 strings out of 477219
 128416 string characters out of 2826197
 486025 words of memory out of 3000000
 28815 multiletter control sequences out of 15000+600000
 480466 words of font info for 54 fonts, out of 8000000 for 9000
 0 hyphenation exceptions out of 8191
 69i,11n,79p,1050b,470s stack positions out of 10000i,1000n,20000p,200000b,80000s
 </home/alan/.miktex/texmfs/data/fonts/pk/ljfour/jkna
ppen/ec/dpi600/ecti1095.pk> </home/alan/.miktex/texmfs/data/fonts/pk/ljfour/jkn
appen/ec/dpi600/ecrm0900.pk> </home/alan/.miktex/texmfs/data/fonts/pk/ljfour/jk
nappen/ec/dpi600/ecbx1095.pk> </home/alan/.miktex/texmfs/data/fonts/pk/ljfour/j
knappen/ec/dpi600/ecbx1200.pk> </home/alan/.miktex/texmfs/data/fonts/pk/ljfour/
jknappen/ec/dpi600/tcrm1095.pk> </home/alan/.miktex/texmfs/data/fonts/pk/ljfour
/jknappen/ec/dpi600/ecrm1095.pk> </home/alan/.miktex/texmfs/data/fonts/pk/ljfou
r/jknappen/ec/dpi600/ecbx1440.pk> </home/alan/.miktex/texmfs/data/fonts/pk/ljfo
ur/jknappen/ec/dpi600/ecrm1440.pk></usr/local/share/miktex-texmf/fonts/type1/pu
blic/amsfonts/cm/cmr6.pfb></usr/local/share/miktex-texmf/fonts/type1/public/ams
fonts/cm/cmr8.pfb></usr/local/share/miktex-texmf/fonts/type1/public/amsfonts/cm
/cmsy8.pfb>
Output written on relat贸rio7.pdf (16 pages, 2379726 bytes).
PDF statistics:
 474 PDF objects out of 1000 (max. 8388607)
 0 named destinations out of 1000 (max. 500000)
 91 words of extra memory for PDF output out of 10000 (max. 10000000)

